[INFO][2023-05-09 09:46:59][LINE:280][app]: NanGang
[INFO][2023-05-09 09:46:59][LINE:281][app]: ZuoYing
[INFO][2023-05-09 09:46:59][LINE:68][THSR]: NanGang
[INFO][2023-05-09 09:46:59][LINE:69][THSR]: ZuoYing
[INFO][2023-05-09 09:46:59][LINE:72][THSR]: Search date : 2023/05/09
[INFO][2023-05-09 09:46:59][LINE:73][THSR]: Search time : 09:34
[INFO][2023-05-09 09:47:01][LINE:137][THSR]: [210, 225, 210, 145, 210]
[INFO][2023-05-09 09:47:01][LINE:139][THSR]: 145
[INFO][2023-05-09 09:47:01][LINE:360][app]: {}
[INFO][2023-05-09 09:47:46][LINE:280][app]: NanGang
[INFO][2023-05-09 09:47:46][LINE:281][app]: ZuoYing
[INFO][2023-05-09 09:47:46][LINE:68][THSR]: NanGang
[INFO][2023-05-09 09:47:46][LINE:69][THSR]: ZuoYing
[INFO][2023-05-09 09:47:46][LINE:72][THSR]: Search date : 2023/05/09
[INFO][2023-05-09 09:47:46][LINE:73][THSR]: Search time : 09:35
[INFO][2023-05-09 09:47:48][LINE:137][THSR]: [210, 225, 210, 145, 210]
[INFO][2023-05-09 09:47:48][LINE:139][THSR]: 145
[INFO][2023-05-09 09:47:48][LINE:360][app]: {}
[INFO][2023-05-09 09:48:12][LINE:360][app]: {}
[INFO][2023-05-09 09:48:34][LINE:280][app]: NanGang
[INFO][2023-05-09 09:48:34][LINE:281][app]: ZuoYing
[INFO][2023-05-09 09:48:34][LINE:68][THSR]: NanGang
[INFO][2023-05-09 09:48:34][LINE:69][THSR]: ZuoYing
[INFO][2023-05-09 09:48:34][LINE:72][THSR]: Search date : 2023/05/09
[INFO][2023-05-09 09:48:34][LINE:73][THSR]: Search time : 14:00
[INFO][2023-05-09 09:48:35][LINE:137][THSR]: [225, 145, 210, 225, 145]
[INFO][2023-05-09 09:48:35][LINE:139][THSR]: 145
[INFO][2023-05-09 09:48:35][LINE:360][app]: {}
[INFO][2023-05-09 09:50:20][LINE:280][app]: NanGang
[INFO][2023-05-09 09:50:20][LINE:281][app]: ZuoYing
[INFO][2023-05-09 09:50:20][LINE:68][THSR]: NanGang
[INFO][2023-05-09 09:50:20][LINE:69][THSR]: ZuoYing
[INFO][2023-05-09 09:50:20][LINE:72][THSR]: Search date : 2023/05/09
[INFO][2023-05-09 09:50:20][LINE:73][THSR]: Search time : 14:00
[INFO][2023-05-09 09:50:21][LINE:137][THSR]: [225, 145, 210, 225, 145]
[INFO][2023-05-09 09:50:21][LINE:139][THSR]: 145
[INFO][2023-05-09 09:50:22][LINE:360][app]: {}
[INFO][2023-05-09 09:54:20][LINE:360][app]: {}
[INFO][2023-05-09 09:54:34][LINE:360][app]: {}
[INFO][2023-05-09 09:54:41][LINE:360][app]: {}
[INFO][2023-05-09 09:54:58][LINE:280][app]: NanGang
[INFO][2023-05-09 09:54:58][LINE:281][app]: ZuoYing
[INFO][2023-05-09 09:54:58][LINE:68][THSR]: NanGang
[INFO][2023-05-09 09:54:58][LINE:69][THSR]: ZuoYing
[INFO][2023-05-09 09:54:58][LINE:72][THSR]: Search date : 2023/05/09
[INFO][2023-05-09 09:54:58][LINE:73][THSR]: Search time : 14:00
[INFO][2023-05-09 09:55:00][LINE:137][THSR]: [225, 145, 210, 225, 145]
[INFO][2023-05-09 09:55:00][LINE:139][THSR]: 145
[INFO][2023-05-09 09:55:00][LINE:360][app]: {}
[INFO][2023-05-09 10:07:39][LINE:280][app]: NanGang
[INFO][2023-05-09 10:07:39][LINE:281][app]: ZuoYing
[INFO][2023-05-09 10:07:39][LINE:68][THSR]: NanGang
[INFO][2023-05-09 10:07:39][LINE:69][THSR]: ZuoYing
[INFO][2023-05-09 10:07:39][LINE:72][THSR]: Search date : 2023/05/09
[INFO][2023-05-09 10:07:39][LINE:73][THSR]: Search time : 22:54
[INFO][2023-05-09 10:07:40][LINE:137][THSR]: [154]
[INFO][2023-05-09 10:07:40][LINE:139][THSR]: 154
[INFO][2023-05-09 10:07:40][LINE:360][app]: {}
